[0mGET / [32m200[0m 71.210 ms - 1116[0m
[0mGET /favicon.ico [33m404[0m 3.675 ms - 659[0m
[0mGET /usuarios/crear [33m404[0m 7.690 ms - 659[0m
[0mGET /public/estilo404.css [33m404[0m 6.649 ms - 659[0m
[0mGET / [32m200[0m 125.921 ms - 1116[0m
[0mGET /favicon.ico [33m404[0m 6.056 ms - 659[0m
[0mGET / [36m304[0m 47.954 ms - -[0m
[0mGET / [36m304[0m 46.241 ms - -[0m
[0mGET /about [32m200[0m 14.352 ms - 4999[0m
[0mGET /usuarios/crear [33m404[0m 5.207 ms - 659[0m
[0mGET /public/estilo404.css [33m404[0m 2.090 ms - 659[0m
[0mGET /usuarios/crear [33m404[0m 36.499 ms - 659[0m
[0mGET /public/estilo404.css [33m404[0m 2.147 ms - 659[0m
[0mGET /usuarios/crear [33m404[0m 1.655 ms - 659[0m
[0mGET /public/estilo404.css [33m404[0m 1.719 ms - 659[0m
[0mGET /usuarios/crear [33m404[0m 1.714 ms - 659[0m
[0mGET /public/estilo404.css [33m404[0m 1.801 ms - 659[0m
[0mGET /usuarios/crear [33m404[0m 1.362 ms - 659[0m
[0mGET /public/estilo404.css [33m404[0m 2.140 ms - 659[0m
[0mGET /usuarios/crear [33m404[0m 5.009 ms - 659[0m
[0mGET /public/estilo404.css [33m404[0m 5.030 ms - 659[0m
[0mGET /usuarios/crear [33m404[0m 3.149 ms - 659[0m
[0mGET /public/estilo404.css [33m404[0m 3.411 ms - 659[0m
[0mGET / [32m200[0m 67.890 ms - 1113[0m
[0mGET /users/crear [32m200[0m 9.260 ms - 2714[0m
[0mGET / [36m304[0m 68.307 ms - -[0m
[0mGET /about [32m200[0m 11.856 ms - 4996[0m
[0mGET /users/crear [32m200[0m 13.581 ms - 2349[0m
[0mGET /todos-los-usuario [33m404[0m 6.364 ms - 659[0m
[0mGET /public/estilo404.css [33m404[0m 2.777 ms - 659[0m
[0mGET / [36m304[0m 47.314 ms - -[0m
[0mGET /buscar-un-usuario [0m-[0m - ms - -[0m
[0mGET /todos-los-usuario [33m404[0m 4.053 ms - 659[0m
[0mGET /public/estilo404.css [33m404[0m 1.801 ms - 659[0m
[0mGET / [32m200[0m 105.770 ms - 1114[0m
[0mGET /todos-los-usuarios [32m200[0m 41.003 ms - 2[0m
[0mGET /error [33m404[0m 27.225 ms - 659[0m
[0mGET /public/estilo404.css [33m404[0m 2.139 ms - 659[0m
[0mGET / [36m304[0m 54.444 ms - -[0m
[0mGET /error [33m404[0m 6.354 ms - 659[0m
[0mGET /public/estilo404.css [33m404[0m 1.984 ms - 659[0m
[0mGET /error [33m404[0m 26.216 ms - 650[0m
[0mGET / [32m200[0m 46.043 ms - 1114[0m
[0mGET / [32m200[0m 38.681 ms - 1114[0m
[0mGET /favicon.ico [33m404[0m 1.720 ms - 650[0m
[0mGET /error [33m404[0m 4.859 ms - 650[0m
[0mGET /error [33m404[0m 1.616 ms - 650[0m
[0mGET /error [33m404[0m 31.494 ms - 726[0m
[0mGET /error [33m404[0m 2.411 ms - 726[0m
[0mGET /error [33m404[0m 4.616 ms - 726[0m
[0mGET /error [33m404[0m 4.797 ms - 726[0m
[0mGET / [31m500[0m 70.880 ms - 2200[0m
[0mGET /error [33m404[0m 22.160 ms - 829[0m
[0mGET /error [33m404[0m 41.088 ms - 878[0m
[0mGET /error [33m404[0m 7.819 ms - 878[0m
[0mGET /error [33m404[0m 49.651 ms - 878[0m
[0mGET / [31m500[0m 74.006 ms - 2200[0m
[0mGET /crear-un-usuario [33m404[0m 5.303 ms - 878[0m
[0mGET /users/crear [32m200[0m 6.406 ms - 2419[0m
[0mGET /about [31m500[0m 8.601 ms - 2203[0m
[0mGET /about [31m500[0m 8.539 ms - 2203[0m
[0mGET /about [32m200[0m 29.442 ms - 5069[0m
[0mGET / [31m500[0m 56.277 ms - 2200[0m
[0mGET /users/crear [36m304[0m 11.210 ms - -[0m
[0mGET /todos-los-usuarios [36m304[0m 37.166 ms - -[0m
[0mGET /users/crear [36m304[0m 9.855 ms - -[0m
[0mGET /about [36m304[0m 9.636 ms - -[0m
[0mGET /about [36m304[0m 41.459 ms - -[0m
[0mGET /about [36m304[0m 3.570 ms - -[0m
[0mGET /about [36m304[0m 11.467 ms - -[0m
[0mGET /users/crear [36m304[0m 2.884 ms - -[0m
[0mGET /about [36m304[0m 38.924 ms - -[0m
[0mGET / [32m200[0m 74.467 ms - 1182[0m
[0mGET / [36m304[0m 51.459 ms - -[0m
[0mGET /about [36m304[0m 13.321 ms - -[0m
[0mGET /users/crear [36m304[0m 9.643 ms - -[0m
[0mGET /todos-los-usuarios [36m304[0m 39.175 ms - -[0m
[0mGET /users/crear [32m200[0m 40.615 ms - 2419[0m
[0mGET /users/crear [36m304[0m 10.913 ms - -[0m
[0mGET /todos-los-usuarios [36m304[0m 58.945 ms - -[0m
[0mGET /about [36m304[0m 4.070 ms - -[0m
[0mGET / [36m304[0m 45.692 ms - -[0m
[0mGET /users/crear [36m304[0m 8.409 ms - -[0m
[0mGET /users/crear [32m200[0m 37.518 ms - 2574[0m
[0mPOST /users/crear [33m404[0m 8.337 ms - 878[0m
[0mGET / [36m304[0m 99.214 ms - -[0m
[0mGET /users/crear [36m304[0m 3.436 ms - -[0m
[0mPOST /users/crear [33m404[0m 4.189 ms - 878[0m
[0mGET / [36m304[0m 72.324 ms - -[0m
[0mGET /users/crear [32m200[0m 11.606 ms - 2563[0m
[0mPOST / [33m404[0m 3.807 ms - 878[0m
[0mPOST / [33m404[0m 5.692 ms - 878[0m
[0mGET / [36m304[0m 104.939 ms - -[0m
[0mGET /users/crear [32m200[0m 11.146 ms - 2574[0m
[0mPOST /users/crear [33m404[0m 4.200 ms - 878[0m
[0mGET / [36m304[0m 52.024 ms - -[0m
[0mGET /users/crear [36m304[0m 9.150 ms - -[0m
[0mGET /about [36m304[0m 23.348 ms - -[0m
[0mGET /users/crear [36m304[0m 11.456 ms - -[0m
[0mPOST /users/crear [33m404[0m 3.661 ms - 878[0m
[0mGET / [36m304[0m 83.413 ms - -[0m
[0mGET /users/crear [36m304[0m 10.535 ms - -[0m
[0mPOST /users/crear [31m500[0m 38.286 ms - 27[0m
[0mGET / [36m304[0m 66.762 ms - -[0m
[0mGET /users/crear [32m200[0m 11.856 ms - 2574[0m
[0mPOST /users/crear [31m500[0m 27.144 ms - 27[0m
[0mGET /users/crear [36m304[0m 16.100 ms - -[0m
[0mPOST /users/crear [31m500[0m 72.074 ms - 27[0m
[0mGET /users/crear [32m200[0m 36.783 ms - 2580[0m
[0mPOST /users/crear [36m302[0m 69.349 ms - 30[0m
[0mGET / [32m200[0m 63.034 ms - 1280[0m
[0mGET /todos-los-usuarios [32m200[0m 37.767 ms - 255[0m
[0mGET / [36m304[0m 37.736 ms - -[0m
[0mGET /about [36m304[0m 9.794 ms - -[0m
[0mGET /users/crear [32m200[0m 8.910 ms - 2580[0m
[0mGET / [36m304[0m 45.225 ms - -[0m
[0mGET / [32m200[0m 109.078 ms - 1294[0m
[0mGET / [32m200[0m 117.333 ms - 1369[0m
[0mGET /todos-los-usuarios [36m304[0m 52.851 ms - -[0m
[0mGET /about [36m304[0m 12.540 ms - -[0m
[0mGET / [32m200[0m 53.713 ms - 1192[0m
[0mGET /users/crear [36m304[0m 9.843 ms - -[0m
[0mGET /users/crear [32m200[0m 20.825 ms - 2756[0m
[0mPOST /users/crear [36m302[0m 64.359 ms - 30[0m
[0mGET / [32m200[0m 50.158 ms - 1369[0m
[0mGET /todos-los-usuarios [32m200[0m 46.338 ms - 271[0m
[0mGET / [36m304[0m 58.728 ms - -[0m
[0mGET /about [36m304[0m 11.419 ms - -[0m
[0mGET /users/crear [32m200[0m 3.592 ms - 2756[0m
[0mGET /todos-los-usuarios [36m304[0m 40.159 ms - -[0m
[0mGET /buscar-un-usuario [32m200[0m 41.470 ms - 269[0m
[0mPOST /users/crear [36m302[0m 62.749 ms - 30[0m
[0mGET / [32m200[0m 33.261 ms - 1580[0m
[0mGET / [36m304[0m 81.548 ms - -[0m
[0mGET / [36m304[0m 54.599 ms - -[0m
[0mGET / [36m304[0m 95.326 ms - -[0m
[0mGET / [36m304[0m 51.050 ms - -[0m
[0mGET / [36m304[0m 101.319 ms - -[0m
[0mGET / [36m304[0m 51.276 ms - -[0m
[0mGET / [36m304[0m 45.814 ms - -[0m
[0mGET / [36m304[0m 98.248 ms - -[0m
[0mGET / [36m304[0m 51.052 ms - -[0m
[0mGET / [36m304[0m 79.654 ms - -[0m
[0mGET / [36m304[0m 108.040 ms - -[0m
[0mGET / [36m304[0m 48.238 ms - -[0m
[0mGET / [36m304[0m 374.820 ms - -[0m
[0mGET / [36m304[0m 122.141 ms - -[0m
[0mGET /about [36m304[0m 12.098 ms - -[0m
[0mGET / [36m304[0m 42.895 ms - -[0m
[0mGET /about [36m304[0m 8.940 ms - -[0m
[0mGET /users/crear [32m200[0m 10.685 ms - 2756[0m
[0mGET /todos-los-usuarios [32m200[0m 41.966 ms - 548[0m
[0mGET /buscar-un-usuario [36m304[0m 36.587 ms - -[0m
